<?xml version="1.0" encoding="UTF-8"?>
<testng-results ignored="0" total="1" passed="1" failed="0" skipped="0">
  <reporter-output>
  </reporter-output>
  <suite started-at="2022-09-26T11:01:00Z" name="Default suite" finished-at="2022-09-26T11:01:00Z" duration-ms="18">
    <groups>
    </groups>
    <test started-at="2022-09-26T11:01:00Z" name="Default test" finished-at="2022-09-26T11:01:00Z" duration-ms="18">
      <class name="Pk1.NewTest">
        <test-method is-config="true" signature="beforeSuite()[pri:0, instance:Pk1.NewTest@14bee915]" started-at="2022-09-26T11:01:00Z" name="beforeSuite" finished-at="2022-09-26T11:01:00Z" duration-ms="8" status="PASS">
          <reporter-output>
          </reporter-output>
        </test-method> <!-- beforeSuite -->
        <test-method is-config="true" signature="beforeTest()[pri:0, instance:Pk1.NewTest@14bee915]" started-at="2022-09-26T11:01:00Z" name="beforeTest" finished-at="2022-09-26T11:01:00Z" duration-ms="1" status="PASS">
          <reporter-output>
          </reporter-output>
        </test-method> <!-- beforeTest -->
        <test-method is-config="true" signature="beforeClass()[pri:0, instance:Pk1.NewTest@14bee915]" started-at="2022-09-26T11:01:00Z" name="beforeClass" finished-at="2022-09-26T11:01:00Z" duration-ms="0" status="PASS">
          <reporter-output>
          </reporter-output>
        </test-method> <!-- beforeClass -->
        <test-method is-config="true" signature="beforeMethod()[pri:0, instance:Pk1.NewTest@14bee915]" started-at="2022-09-26T11:01:00Z" name="beforeMethod" finished-at="2022-09-26T11:01:00Z" duration-ms="0" status="PASS">
          <reporter-output>
          </reporter-output>
        </test-method> <!-- beforeMethod -->
        <test-method signature="f()[pri:0, instance:Pk1.NewTest@14bee915]" started-at="2022-09-26T11:01:00Z" name="f" finished-at="2022-09-26T11:01:00Z" duration-ms="4" status="PASS">
          <reporter-output>
          </reporter-output>
        </test-method> <!-- f -->
        <test-method is-config="true" signature="afterMethod()[pri:0, instance:Pk1.NewTest@14bee915]" started-at="2022-09-26T11:01:00Z" name="afterMethod" finished-at="2022-09-26T11:01:00Z" duration-ms="0" status="PASS">
          <reporter-output>
          </reporter-output>
        </test-method> <!-- afterMethod -->
        <test-method is-config="true" signature="afterClass()[pri:0, instance:Pk1.NewTest@14bee915]" started-at="2022-09-26T11:01:00Z" name="afterClass" finished-at="2022-09-26T11:01:00Z" duration-ms="0" status="PASS">
          <reporter-output>
          </reporter-output>
        </test-method> <!-- afterClass -->
        <test-method is-config="true" signature="afterTest()[pri:0, instance:Pk1.NewTest@14bee915]" started-at="2022-09-26T11:01:00Z" name="afterTest" finished-at="2022-09-26T11:01:00Z" duration-ms="0" status="PASS">
          <reporter-output>
          </reporter-output>
        </test-method> <!-- afterTest -->
        <test-method is-config="true" signature="afterSuite()[pri:0, instance:Pk1.NewTest@14bee915]" started-at="2022-09-26T11:01:00Z" name="afterSuite" finished-at="2022-09-26T11:01:00Z" duration-ms="0" status="PASS">
          <reporter-output>
          </reporter-output>
        </test-method> <!-- afterSuite -->
      </class> <!-- Pk1.NewTest -->
    </test> <!-- Default test -->
  </suite> <!-- Default suite -->
</testng-results>
